生成启动时间为 2019/7/26 15:18:45。
     1>项目“E:\Project\MFCLearning\MFC_DocView\MFC_DocView\MFC_DocView.vcxproj”在节点 2 上(Build 个目标)。
     1>InitializeBuildStatus:
         正在创建“Debug\MFC_DocView.unsuccessfulbuild”，因为已指定“AlwaysCreate”。
       ClCompile:
         所有输出均为最新。
         D:\Application Program\Visual\VS2012\VC\bin\CL.exe /c /ZI /nologo /W3 /WX- /sdl /Od /Oy- /D WIN32 /D _WINDOWS /D _DEBUG /D _UNICODE /D UNICODE /D _AFXDLL /Gm /EHsc /RTC1 /MDd /GS /fp:precise /Zc:wchar_t /Zc:forScope /Yu"stdafx.h" /Fp"Debug\MFC_DocView.pch" /Fo"Debug\\" /Fd"Debug\vc110.pdb" /Gd /TP /analyze- /errorReport:prompt MFC_DocView.cpp MFC_DocViewView.cpp
         MFC_DocViewView.cpp
         正在生成代码...
         正在跳过...(未检测到相关更改)
         MFC_DocView.cpp
       ResourceCompile:
         所有输出均为最新。
       Link:
         D:\Application Program\Visual\VS2012\VC\bin\link.exe /ERRORREPORT:PROMPT /OUT:"E:\Project\MFCLearning\MFC_DocView\Debug\MFC_DocView.exe" /INCREMENTAL /NOLOGO /MANIFEST /MANIFESTUAC:"level='asInvoker' uiAccess='false'" /manifest:embed /manifestinput:"D:\Application Program\Visual\VS2012\VC\Include\Manifest\dpiaware.manifest" /DEBUG /PDB:"E:\Project\MFCLearning\MFC_DocView\Debug\MFC_DocView.pdb" /SUBSYSTEM:WINDOWS /TLBID:1 /ENTRY:"wWinMainCRTStartup" /DYNAMICBASE /NXCOMPAT /IMPLIB:"E:\Project\MFCLearning\MFC_DocView\Debug\MFC_DocView.lib" /MACHINE:X86 Debug\MFC_DocView.res
         Debug\MainFrm.obj
         Debug\MFC_DocView.obj
         Debug\MFC_DocViewDoc.obj
         Debug\MFC_DocViewView.obj
         Debug\stdafx.obj
         Debug\Student.obj
         MFC_DocView.vcxproj -> E:\Project\MFCLearning\MFC_DocView\Debug\MFC_DocView.exe
       FinalizeBuildStatus:
         正在删除文件“Debug\MFC_DocView.unsuccessfulbuild”。
         正在对“Debug\MFC_DocView.lastbuildstate”执行 Touch 任务。
     1>已完成生成项目“E:\Project\MFCLearning\MFC_DocView\MFC_DocView\MFC_DocView.vcxproj”(Build 个目标)的操作。

生成成功。

已用时间 00:00:00.64
