生成启动时间为 2019/7/25 9:35:12。
     1>项目“E:\Project\MFCLearning\MFC_OnTimer\MFC_OnTimer\MFC_OnTimer.vcxproj”在节点 2 上(Build 个目标)。
     1>InitializeBuildStatus:
         正在创建“Debug\MFC_OnTimer.unsuccessfulbuild”，因为已指定“AlwaysCreate”。
       ClCompile:
         所有输出均为最新。
         D:\Application Program\Visual\VS2012\VC\bin\CL.exe /c /ZI /nologo /W3 /WX- /sdl /Od /Oy- /D WIN32 /D _WINDOWS /D _DEBUG /D _UNICODE /D UNICODE /D _AFXDLL /Gm /EHsc /RTC1 /MDd /GS /fp:precise /Zc:wchar_t /Zc:forScope /Yu"stdafx.h" /Fp"Debug\MFC_OnTimer.pch" /Fo"Debug\\" /Fd"Debug\vc110.pdb" /Gd /TP /analyze- /errorReport:prompt MFC_OnTimer.cpp MFC_OnTimerDoc.cpp MFC_OnTimerView.cpp MainFrm.cpp
         MFC_OnTimerView.cpp
         正在生成代码...
         正在跳过...(未检测到相关更改)
         MainFrm.cpp
         MFC_OnTimerDoc.cpp
         MFC_OnTimer.cpp
       ResourceCompile:
         C:\Program Files (x86)\Windows Kits\8.0\bin\x86\rc.exe /D _DEBUG /D _UNICODE /D UNICODE /D _AFXDLL /l"0x0804" /IDebug\ /nologo /fo"Debug\MFC_OnTimer.res" MFC_OnTimer.rc 
       Link:
         D:\Application Program\Visual\VS2012\VC\bin\link.exe /ERRORREPORT:PROMPT /OUT:"E:\Project\MFCLearning\MFC_OnTimer\Debug\MFC_OnTimer.exe" /INCREMENTAL /NOLOGO /MANIFEST /MANIFESTUAC:"level='asInvoker' uiAccess='false'" /manifest:embed /manifestinput:"D:\Application Program\Visual\VS2012\VC\Include\Manifest\dpiaware.manifest" /DEBUG /PDB:"E:\Project\MFCLearning\MFC_OnTimer\Debug\MFC_OnTimer.pdb" /SUBSYSTEM:WINDOWS /TLBID:1 /ENTRY:"wWinMainCRTStartup" /DYNAMICBASE /NXCOMPAT /IMPLIB:"E:\Project\MFCLearning\MFC_OnTimer\Debug\MFC_OnTimer.lib" /MACHINE:X86 Debug\MFC_OnTimer.res
         Debug\MainFrm.obj
         Debug\MFC_OnTimer.obj
         Debug\MFC_OnTimerDoc.obj
         Debug\MFC_OnTimerView.obj
         Debug\stdafx.obj
         MFC_OnTimer.vcxproj -> E:\Project\MFCLearning\MFC_OnTimer\Debug\MFC_OnTimer.exe
       FinalizeBuildStatus:
         正在删除文件“Debug\MFC_OnTimer.unsuccessfulbuild”。
         正在对“Debug\MFC_OnTimer.lastbuildstate”执行 Touch 任务。
     1>已完成生成项目“E:\Project\MFCLearning\MFC_OnTimer\MFC_OnTimer\MFC_OnTimer.vcxproj”(Build 个目标)的操作。

生成成功。

已用时间 00:00:08.34
